s:\backup\q\i\development\freelance\2022\opengl\2022-2023_f2xga_template-main(c0048)\windows\obj\debug_x64\vc143.pdb
s:\backup\q\i\development\freelance\2022\opengl\2022-2023_f2xga_template-main(c0048)\windows\obj\debug_x64\vc143.idb
s:\backup\q\i\development\freelance\2022\opengl\2022-2023_f2xga_template-main(c0048)\windows\obj\debug_x64\source.obj
s:\backup\q\i\development\freelance\2022\opengl\2022-2023_f2xga_template-main(c0048)\windows\obj\debug_x64\pipeline.obj
s:\backup\q\i\development\freelance\2022\opengl\2022-2023_f2xga_template-main(c0048)\windows\obj\debug_x64\debugger.obj
s:\backup\q\i\development\freelance\2022\opengl\2022-2023_f2xga_template-main(c0048)\windows\obj\debug_x64\content.obj
s:\backup\q\i\development\freelance\2022\opengl\2022-2023_f2xga_template-main(c0048)\windows\obj\debug_x64\tiny_gltf.obj
s:\backup\q\i\development\freelance\2022\opengl\2022-2023_f2xga_template-main(c0048)\windows\obj\debug_x64\imgui_widgets.obj
s:\backup\q\i\development\freelance\2022\opengl\2022-2023_f2xga_template-main(c0048)\windows\obj\debug_x64\imgui_tables.obj
s:\backup\q\i\development\freelance\2022\opengl\2022-2023_f2xga_template-main(c0048)\windows\obj\debug_x64\imgui_impl_opengl3.obj
s:\backup\q\i\development\freelance\2022\opengl\2022-2023_f2xga_template-main(c0048)\windows\obj\debug_x64\imgui_impl_glfw.obj
s:\backup\q\i\development\freelance\2022\opengl\2022-2023_f2xga_template-main(c0048)\windows\obj\debug_x64\imgui_draw.obj
s:\backup\q\i\development\freelance\2022\opengl\2022-2023_f2xga_template-main(c0048)\windows\obj\debug_x64\imgui_demo.obj
s:\backup\q\i\development\freelance\2022\opengl\2022-2023_f2xga_template-main(c0048)\windows\obj\debug_x64\imgui.obj
s:\backup\q\i\development\freelance\2022\opengl\2022-2023_f2xga_template-main(c0048)\windows\obj\debug_x64\glad.obj
s:\backup\q\i\development\freelance\2022\opengl\2022-2023_f2xga_template-main(c0048)\windows\bin\debug_x64\openglscene.exe
s:\backup\q\i\development\freelance\2022\opengl\2022-2023_f2xga_template-main(c0048)\windows\obj\debug_x64\openglscene.ilk
s:\backup\q\i\development\freelance\2022\opengl\2022-2023_f2xga_template-main(c0048)\windows\bin\debug_x64\openglscene.pdb
s:\backup\q\i\development\freelance\2022\opengl\2022-2023_f2xga_template-main(c0048)\windows\obj\debug_x64\openglscene.tlog\cl.command.1.tlog
s:\backup\q\i\development\freelance\2022\opengl\2022-2023_f2xga_template-main(c0048)\windows\obj\debug_x64\openglscene.tlog\cl.read.1.tlog
s:\backup\q\i\development\freelance\2022\opengl\2022-2023_f2xga_template-main(c0048)\windows\obj\debug_x64\openglscene.tlog\cl.write.1.tlog
s:\backup\q\i\development\freelance\2022\opengl\2022-2023_f2xga_template-main(c0048)\windows\obj\debug_x64\openglscene.tlog\link.command.1.tlog
s:\backup\q\i\development\freelance\2022\opengl\2022-2023_f2xga_template-main(c0048)\windows\obj\debug_x64\openglscene.tlog\link.read.1.tlog
s:\backup\q\i\development\freelance\2022\opengl\2022-2023_f2xga_template-main(c0048)\windows\obj\debug_x64\openglscene.tlog\link.write.1.tlog
